[ 2016-11-28T11:19:53+08:00 ] ::1 /1608/15_MVC/day_05/news/
INFO: [ app_init ] --START--
INFO: Run Behavior\BuildLiteBehavior [ RunTime:0.000017s ]
INFO: [ app_init ] --END-- [ RunTime:0.033793s ]
INFO: [ app_begin ] --START--
INFO: Run Behavior\ReadHtmlCacheBehavior [ RunTime:0.008810s ]
INFO: [ app_begin ] --END-- [ RunTime:0.008869s ]
INFO: [ view_parse ] --START--
INFO: [ template_filter ] --START--
INFO: Run Behavior\ContentReplaceBehavior [ RunTime:0.000061s ]
INFO: [ template_filter ] --END-- [ RunTime:0.000106s ]
INFO: Run Behavior\ParseTemplateBehavior [ RunTime:0.171447s ]
INFO: [ view_parse ] --END-- [ RunTime:0.171507s ]
INFO: [ view_filter ] --START--
INFO: Run Behavior\WriteHtmlCacheBehavior [ RunTime:0.008119s ]
INFO: [ view_filter ] --END-- [ RunTime:0.008159s ]
INFO: [ app_end ] --START--
INFO: Run Behavior\ShowPageTraceBehavior [ RunTime:0.056822s ]
INFO: [ app_end ] --END-- [ RunTime:0.056942s ]

[ 2016-11-28T11:19:55+08:00 ] ::1 /1608/15_MVC/day_05/news/index.php/Index/image
INFO: [ app_init ] --START--
INFO: Run Behavior\BuildLiteBehavior [ RunTime:0.000013s ]
INFO: [ app_init ] --END-- [ RunTime:0.000310s ]
INFO: [ app_begin ] --START--
INFO: Run Behavior\ReadHtmlCacheBehavior [ RunTime:0.000578s ]
INFO: [ app_begin ] --END-- [ RunTime:0.000632s ]
INFO: [ app_end ] --START--
INFO: Run Behavior\ShowPageTraceBehavior [ RunTime:0.000681s ]
INFO: [ app_end ] --END-- [ RunTime:0.000754s ]

[ 2016-11-28T11:20:00+08:00 ] ::1 /1608/15_MVC/day_05/news/index.php/Search/index.html
INFO: [ app_init ] --START--
INFO: Run Behavior\BuildLiteBehavior [ RunTime:0.000014s ]
INFO: [ app_init ] --END-- [ RunTime:0.000318s ]
INFO: [ app_begin ] --START--
INFO: Run Behavior\ReadHtmlCacheBehavior [ RunTime:0.000433s ]
INFO: [ app_begin ] --END-- [ RunTime:0.000477s ]
NOTIC: [8] Undefined index: searchType D:\www\1608\15_MVC\day_05\news\application\Home\Controller\SearchController.class.php 第 10 行.
NOTIC: [8] Undefined index: keyword D:\www\1608\15_MVC\day_05\news\application\Home\Controller\SearchController.class.php 第 11 行.
ERR: 1064:You have an error in your SQL syntax; check the manual that corresponds to your MySQL server version for the right syntax to use near 'like '%%' ) LIMIT 1' at line 1
 [ SQL语句 ] : SELECT COUNT(*) AS tp_count FROM `newsarticles` WHERE ( zt=1 and  like '%%' ) LIMIT 1  
ERR: 1064:You have an error in your SQL syntax; check the manual that corresponds to your MySQL server version for the right syntax to use near 'like '%%' ) LIMIT 0,3' at line 1
 [ SQL语句 ] : SELECT * FROM `newsarticles` WHERE ( zt=1 and  like '%%' ) LIMIT 0,3  
INFO: [ view_parse ] --START--
INFO: [ template_filter ] --START--
INFO: Run Behavior\ContentReplaceBehavior [ RunTime:0.000043s ]
INFO: [ template_filter ] --END-- [ RunTime:0.000094s ]
INFO: Run Behavior\ParseTemplateBehavior [ RunTime:0.037879s ]
INFO: [ view_parse ] --END-- [ RunTime:0.037933s ]
INFO: [ view_filter ] --START--
INFO: Run Behavior\WriteHtmlCacheBehavior [ RunTime:0.000253s ]
INFO: [ view_filter ] --END-- [ RunTime:0.000297s ]
INFO: [ app_end ] --START--
INFO: Run Behavior\ShowPageTraceBehavior [ RunTime:0.000496s ]
INFO: [ app_end ] --END-- [ RunTime:0.000536s ]

[ 2016-11-28T11:20:08+08:00 ] ::1 /1608/15_MVC/day_05/news/index.php/Index/index.html
INFO: [ app_init ] --START--
INFO: Run Behavior\BuildLiteBehavior [ RunTime:0.000013s ]
INFO: [ app_init ] --END-- [ RunTime:0.000298s ]
INFO: [ app_begin ] --START--
INFO: Run Behavior\ReadHtmlCacheBehavior [ RunTime:0.000388s ]
INFO: [ app_begin ] --END-- [ RunTime:0.000430s ]
INFO: [ view_parse ] --START--
INFO: [ template_filter ] --START--
INFO: Run Behavior\ContentReplaceBehavior [ RunTime:0.000058s ]
INFO: [ template_filter ] --END-- [ RunTime:0.000103s ]
INFO: Run Behavior\ParseTemplateBehavior [ RunTime:0.009832s ]
INFO: [ view_parse ] --END-- [ RunTime:0.009893s ]
INFO: [ view_filter ] --START--
INFO: Run Behavior\WriteHtmlCacheBehavior [ RunTime:0.000226s ]
INFO: [ view_filter ] --END-- [ RunTime:0.000262s ]
INFO: [ app_end ] --START--
INFO: Run Behavior\ShowPageTraceBehavior [ RunTime:0.000562s ]
INFO: [ app_end ] --END-- [ RunTime:0.000627s ]

[ 2016-11-28T11:20:09+08:00 ] ::1 /1608/15_MVC/day_05/news/index.php/Index/image
INFO: [ app_init ] --START--
INFO: Run Behavior\BuildLiteBehavior [ RunTime:0.000023s ]
INFO: [ app_init ] --END-- [ RunTime:0.000506s ]
INFO: [ app_begin ] --START--
INFO: Run Behavior\ReadHtmlCacheBehavior [ RunTime:0.000773s ]
INFO: [ app_begin ] --END-- [ RunTime:0.000858s ]
INFO: [ app_end ] --START--
INFO: Run Behavior\ShowPageTraceBehavior [ RunTime:0.000556s ]
INFO: [ app_end ] --END-- [ RunTime:0.000623s ]

[ 2016-11-28T11:20:28+08:00 ] ::1 /1608/15_MVC/day_05/news/admin.php/Index/index.html
INFO: [ app_init ] --START--
INFO: Run Behavior\BuildLiteBehavior [ RunTime:0.000022s ]
INFO: [ app_init ] --END-- [ RunTime:0.000364s ]
INFO: [ app_begin ] --START--
INFO: Run Behavior\ReadHtmlCacheBehavior [ RunTime:0.000430s ]
INFO: [ app_begin ] --END-- [ RunTime:0.000470s ]
NOTIC: [8] Undefined index: userMsg D:\www\1608\15_MVC\day_05\news\application\Admin\Controller\IndexController.class.php 第 9 行.
INFO: [ view_parse ] --START--
INFO: [ template_filter ] --START--
INFO: Run Behavior\ContentReplaceBehavior [ RunTime:0.000037s ]
INFO: [ template_filter ] --END-- [ RunTime:0.000087s ]

[ 2016-11-28T11:37:51+08:00 ] ::1 /1608/15_MVC/day_05/news/admin.php/Index/index.html
INFO: [ app_init ] --START--
INFO: Run Behavior\BuildLiteBehavior [ RunTime:0.000016s ]
INFO: [ app_init ] --END-- [ RunTime:0.000433s ]
INFO: [ app_begin ] --START--
INFO: Run Behavior\ReadHtmlCacheBehavior [ RunTime:0.000543s ]
INFO: [ app_begin ] --END-- [ RunTime:0.000596s ]
NOTIC: [8] Undefined index: userMsg D:\www\1608\15_MVC\day_05\news\application\Admin\Controller\IndexController.class.php 第 9 行.
INFO: [ view_parse ] --START--
INFO: [ template_filter ] --START--
INFO: Run Behavior\ContentReplaceBehavior [ RunTime:0.000039s ]
INFO: [ template_filter ] --END-- [ RunTime:0.000089s ]
INFO: Run Behavior\ParseTemplateBehavior [ RunTime:0.014524s ]
INFO: [ view_parse ] --END-- [ RunTime:0.014571s ]
INFO: [ view_filter ] --START--
INFO: Run Behavior\WriteHtmlCacheBehavior [ RunTime:0.000257s ]
INFO: [ view_filter ] --END-- [ RunTime:0.000291s ]
INFO: [ app_end ] --START--
INFO: Run Behavior\ShowPageTraceBehavior [ RunTime:0.000498s ]
INFO: [ app_end ] --END-- [ RunTime:0.000531s ]

[ 2016-11-28T11:37:52+08:00 ] ::1 /1608/15_MVC/day_05/news/admin.php/jquery/jquery-1.4.js
INFO: [ app_init ] --START--
INFO: Run Behavior\BuildLiteBehavior [ RunTime:0.000019s ]
INFO: [ app_init ] --END-- [ RunTime:0.000489s ]
INFO: [ app_begin ] --START--
INFO: Run Behavior\ReadHtmlCacheBehavior [ RunTime:0.000506s ]
INFO: [ app_begin ] --END-- [ RunTime:0.000554s ]
ERR: 无法加载控制器:Jquery

[ 2016-11-28T11:37:52+08:00 ] ::1 /1608/15_MVC/day_05/news/admin.php/css/admin.css
INFO: [ app_init ] --START--
INFO: Run Behavior\BuildLiteBehavior [ RunTime:0.000014s ]
INFO: [ app_init ] --END-- [ RunTime:0.000376s ]
INFO: [ app_begin ] --START--
INFO: Run Behavior\ReadHtmlCacheBehavior [ RunTime:0.000469s ]
INFO: [ app_begin ] --END-- [ RunTime:0.000511s ]
ERR: 无法加载控制器:Css

[ 2016-11-28T11:39:59+08:00 ] ::1 /1608/15_MVC/day_05/news/admin.php/Index/index.html
INFO: [ app_init ] --START--
INFO: Run Behavior\BuildLiteBehavior [ RunTime:0.000013s ]
INFO: [ app_init ] --END-- [ RunTime:0.000361s ]
INFO: [ app_begin ] --START--
INFO: Run Behavior\ReadHtmlCacheBehavior [ RunTime:0.000457s ]
INFO: [ app_begin ] --END-- [ RunTime:0.000497s ]
NOTIC: [8] Undefined index: userMsg D:\www\1608\15_MVC\day_05\news\application\Admin\Controller\IndexController.class.php 第 9 行.
INFO: [ view_parse ] --START--
INFO: [ template_filter ] --START--
INFO: Run Behavior\ContentReplaceBehavior [ RunTime:0.000039s ]
INFO: [ template_filter ] --END-- [ RunTime:0.000092s ]
INFO: Run Behavior\ParseTemplateBehavior [ RunTime:0.014292s ]
INFO: [ view_parse ] --END-- [ RunTime:0.014337s ]
INFO: [ view_filter ] --START--
INFO: Run Behavior\WriteHtmlCacheBehavior [ RunTime:0.000245s ]
INFO: [ view_filter ] --END-- [ RunTime:0.000279s ]
INFO: [ app_end ] --START--
INFO: Run Behavior\ShowPageTraceBehavior [ RunTime:0.000499s ]
INFO: [ app_end ] --END-- [ RunTime:0.000533s ]

[ 2016-11-28T11:39:59+08:00 ] ::1 /1608/15_MVC/day_05/news/admin.php/jquery/jquery-1.4.js
INFO: [ app_init ] --START--
INFO: Run Behavior\BuildLiteBehavior [ RunTime:0.000015s ]
INFO: [ app_init ] --END-- [ RunTime:0.000306s ]
INFO: [ app_begin ] --START--
INFO: Run Behavior\ReadHtmlCacheBehavior [ RunTime:0.000406s ]
INFO: [ app_begin ] --END-- [ RunTime:0.000446s ]
ERR: 无法加载控制器:Jquery

[ 2016-11-28T11:40:23+08:00 ] ::1 /1608/15_MVC/day_05/news/admin.php/Index/addnews.php
INFO: [ app_init ] --START--
INFO: Run Behavior\BuildLiteBehavior [ RunTime:0.000013s ]
INFO: [ app_init ] --END-- [ RunTime:0.000353s ]
INFO: [ app_begin ] --START--
INFO: Run Behavior\ReadHtmlCacheBehavior [ RunTime:0.000381s ]
INFO: [ app_begin ] --END-- [ RunTime:0.000419s ]
ERR: 非法操作:addnews.php

[ 2016-11-28T11:40:25+08:00 ] ::1 /1608/15_MVC/day_05/news/admin.php/jquery/jquery-1.4.js
INFO: [ app_init ] --START--
INFO: Run Behavior\BuildLiteBehavior [ RunTime:0.000016s ]
INFO: [ app_init ] --END-- [ RunTime:0.000469s ]
INFO: [ app_begin ] --START--
INFO: Run Behavior\ReadHtmlCacheBehavior [ RunTime:0.000458s ]
INFO: [ app_begin ] --END-- [ RunTime:0.000503s ]
ERR: 无法加载控制器:Jquery

[ 2016-11-28T11:42:29+08:00 ] ::1 /1608/15_MVC/day_05/news/admin.php/Index/index.html
INFO: [ app_init ] --START--
INFO: Run Behavior\BuildLiteBehavior [ RunTime:0.000013s ]
INFO: [ app_init ] --END-- [ RunTime:0.000339s ]
INFO: [ app_begin ] --START--
INFO: Run Behavior\ReadHtmlCacheBehavior [ RunTime:0.000453s ]
INFO: [ app_begin ] --END-- [ RunTime:0.000493s ]
NOTIC: [8] Undefined index: userMsg D:\www\1608\15_MVC\day_05\news\application\Admin\Controller\IndexController.class.php 第 9 行.
INFO: [ view_parse ] --START--
INFO: [ template_filter ] --START--
INFO: Run Behavior\ContentReplaceBehavior [ RunTime:0.000033s ]
INFO: [ template_filter ] --END-- [ RunTime:0.000074s ]
INFO: Run Behavior\ParseTemplateBehavior [ RunTime:0.006070s ]
INFO: [ view_parse ] --END-- [ RunTime:0.006121s ]
INFO: [ view_filter ] --START--
INFO: Run Behavior\WriteHtmlCacheBehavior [ RunTime:0.000250s ]
INFO: [ view_filter ] --END-- [ RunTime:0.000285s ]
INFO: [ app_end ] --START--
INFO: Run Behavior\ShowPageTraceBehavior [ RunTime:0.000483s ]
INFO: [ app_end ] --END-- [ RunTime:0.000518s ]

[ 2016-11-28T15:17:55+08:00 ] ::1 /1608/15_MVC/day_05/news/index.php
INFO: [ app_init ] --START--
INFO: Run Behavior\BuildLiteBehavior [ RunTime:0.000014s ]
INFO: [ app_init ] --END-- [ RunTime:0.000375s ]
INFO: [ app_begin ] --START--
INFO: Run Behavior\ReadHtmlCacheBehavior [ RunTime:0.000459s ]
INFO: [ app_begin ] --END-- [ RunTime:0.000502s ]
INFO: [ view_parse ] --START--
INFO: [ template_filter ] --START--
INFO: Run Behavior\ContentReplaceBehavior [ RunTime:0.000058s ]
INFO: [ template_filter ] --END-- [ RunTime:0.000118s ]
INFO: Run Behavior\ParseTemplateBehavior [ RunTime:0.018595s ]
INFO: [ view_parse ] --END-- [ RunTime:0.018658s ]
INFO: [ view_filter ] --START--
INFO: Run Behavior\WriteHtmlCacheBehavior [ RunTime:0.000289s ]
INFO: [ view_filter ] --END-- [ RunTime:0.000323s ]
INFO: [ app_end ] --START--
INFO: Run Behavior\ShowPageTraceBehavior [ RunTime:0.000589s ]
INFO: [ app_end ] --END-- [ RunTime:0.000630s ]

[ 2016-11-28T15:17:57+08:00 ] ::1 /1608/15_MVC/day_05/news/index.php/Index/image
INFO: [ app_init ] --START--
INFO: Run Behavior\BuildLiteBehavior [ RunTime:0.000029s ]
INFO: [ app_init ] --END-- [ RunTime:0.000594s ]
INFO: [ app_begin ] --START--
INFO: Run Behavior\ReadHtmlCacheBehavior [ RunTime:0.000736s ]
INFO: [ app_begin ] --END-- [ RunTime:0.000840s ]
INFO: [ app_end ] --START--
INFO: Run Behavior\ShowPageTraceBehavior [ RunTime:0.000869s ]
INFO: [ app_end ] --END-- [ RunTime:0.000966s ]

[ 2016-11-28T15:18:07+08:00 ] ::1 /1608/15_MVC/day_05/news/index.php
INFO: [ app_init ] --START--
INFO: Run Behavior\BuildLiteBehavior [ RunTime:0.000013s ]
INFO: [ app_init ] --END-- [ RunTime:0.000333s ]
INFO: [ app_begin ] --START--
INFO: Run Behavior\ReadHtmlCacheBehavior [ RunTime:0.000403s ]
INFO: [ app_begin ] --END-- [ RunTime:0.000442s ]
INFO: [ view_parse ] --START--
INFO: [ template_filter ] --START--
INFO: Run Behavior\ContentReplaceBehavior [ RunTime:0.000072s ]
INFO: [ template_filter ] --END-- [ RunTime:0.000135s ]
INFO: Run Behavior\ParseTemplateBehavior [ RunTime:0.010291s ]
INFO: [ view_parse ] --END-- [ RunTime:0.010370s ]
INFO: [ view_filter ] --START--
INFO: Run Behavior\WriteHtmlCacheBehavior [ RunTime:0.000201s ]
INFO: [ view_filter ] --END-- [ RunTime:0.000236s ]
INFO: [ app_end ] --START--
INFO: Run Behavior\ShowPageTraceBehavior [ RunTime:0.000474s ]
INFO: [ app_end ] --END-- [ RunTime:0.000513s ]

[ 2016-11-28T15:18:08+08:00 ] ::1 /1608/15_MVC/day_05/news/index.php/Index/image
INFO: [ app_init ] --START--
INFO: Run Behavior\BuildLiteBehavior [ RunTime:0.000022s ]
INFO: [ app_init ] --END-- [ RunTime:0.000567s ]
INFO: [ app_begin ] --START--
INFO: Run Behavior\ReadHtmlCacheBehavior [ RunTime:0.000902s ]
INFO: [ app_begin ] --END-- [ RunTime:0.000995s ]
INFO: [ app_end ] --START--
INFO: Run Behavior\ShowPageTraceBehavior [ RunTime:0.000606s ]
INFO: [ app_end ] --END-- [ RunTime:0.000666s ]

[ 2016-11-28T18:30:41+08:00 ] ::1 /1608/15_MVC/day_05/news/admin.php/Index/index.html
INFO: [ app_init ] --START--
INFO: Run Behavior\BuildLiteBehavior [ RunTime:0.000014s ]
INFO: [ app_init ] --END-- [ RunTime:0.000379s ]
INFO: [ app_begin ] --START--
INFO: Run Behavior\ReadHtmlCacheBehavior [ RunTime:0.000467s ]
INFO: [ app_begin ] --END-- [ RunTime:0.000510s ]
NOTIC: [8] Undefined index: userMsg D:\www\1608\15_MVC\day_05\news\application\Admin\Controller\IndexController.class.php 第 9 行.
INFO: [ view_parse ] --START--
INFO: [ template_filter ] --START--
INFO: Run Behavior\ContentReplaceBehavior [ RunTime:0.000037s ]
INFO: [ template_filter ] --END-- [ RunTime:0.000087s ]
INFO: Run Behavior\ParseTemplateBehavior [ RunTime:0.014729s ]
INFO: [ view_parse ] --END-- [ RunTime:0.014788s ]
INFO: [ view_filter ] --START--
INFO: Run Behavior\WriteHtmlCacheBehavior [ RunTime:0.000255s ]
INFO: [ view_filter ] --END-- [ RunTime:0.000288s ]
INFO: [ app_end ] --START--
INFO: Run Behavior\ShowPageTraceBehavior [ RunTime:0.000505s ]
INFO: [ app_end ] --END-- [ RunTime:0.000541s ]

[ 2016-11-28T18:31:39+08:00 ] ::1 /1608/15_MVC/day_05/news/admin.php/Index/index.html
INFO: [ app_init ] --START--
INFO: Run Behavior\BuildLiteBehavior [ RunTime:0.000014s ]
INFO: [ app_init ] --END-- [ RunTime:0.000341s ]
INFO: [ app_begin ] --START--
INFO: Run Behavior\ReadHtmlCacheBehavior [ RunTime:0.000428s ]
INFO: [ app_begin ] --END-- [ RunTime:0.000465s ]
NOTIC: [8] Undefined index: userMsg D:\www\1608\15_MVC\day_05\news\application\Admin\Controller\IndexController.class.php 第 9 行.
INFO: [ view_parse ] --START--
INFO: [ template_filter ] --START--
INFO: Run Behavior\ContentReplaceBehavior [ RunTime:0.000041s ]
INFO: [ template_filter ] --END-- [ RunTime:0.000090s ]
INFO: Run Behavior\ParseTemplateBehavior [ RunTime:0.005689s ]
INFO: [ view_parse ] --END-- [ RunTime:0.005757s ]
INFO: [ view_filter ] --START--
INFO: Run Behavior\WriteHtmlCacheBehavior [ RunTime:0.000230s ]
INFO: [ view_filter ] --END-- [ RunTime:0.000264s ]
INFO: [ app_end ] --START--
INFO: Run Behavior\ShowPageTraceBehavior [ RunTime:0.000438s ]
INFO: [ app_end ] --END-- [ RunTime:0.000481s ]

[ 2016-11-28T18:54:36+08:00 ] ::1 /1608/15_MVC/day_05/news/admin.php/AddNews/index
INFO: [ app_init ] --START--
INFO: Run Behavior\BuildLiteBehavior [ RunTime:0.000015s ]
INFO: [ app_init ] --END-- [ RunTime:0.000413s ]
INFO: [ app_begin ] --START--
INFO: Run Behavior\ReadHtmlCacheBehavior [ RunTime:0.000486s ]
INFO: [ app_begin ] --END-- [ RunTime:0.000529s ]
NOTIC: [8] Undefined index: title D:\www\1608\15_MVC\day_05\news\application\Admin\Controller\AddNewsController.class.php 第 10 行.
NOTIC: [8] Undefined index: typeId D:\www\1608\15_MVC\day_05\news\application\Admin\Controller\AddNewsController.class.php 第 11 行.
NOTIC: [8] Undefined index: writer D:\www\1608\15_MVC\day_05\news\application\Admin\Controller\AddNewsController.class.php 第 12 行.
NOTIC: [8] Undefined index: source D:\www\1608\15_MVC\day_05\news\application\Admin\Controller\AddNewsController.class.php 第 13 行.
NOTIC: [8] Undefined index: myFile D:\www\1608\15_MVC\day_05\news\application\Admin\Controller\AddNewsController.class.php 第 14 行.
NOTIC: [8] Undefined index: content D:\www\1608\15_MVC\day_05\news\application\Admin\Controller\AddNewsController.class.php 第 15 行.
NOTIC: [8] Undefined index: userMsg D:\www\1608\15_MVC\day_05\news\application\Admin\Controller\AddNewsController.class.php 第 16 行.
ERR: 没有定义数据库配置

[ 2016-11-28T20:12:02+08:00 ] ::1 /1608/15_MVC/day_05/news/admin.php/AddNews/index
INFO: [ app_init ] --START--
INFO: Run Behavior\BuildLiteBehavior [ RunTime:0.000022s ]
INFO: [ app_init ] --END-- [ RunTime:0.000572s ]
INFO: [ app_begin ] --START--
INFO: Run Behavior\ReadHtmlCacheBehavior [ RunTime:0.000523s ]
INFO: [ app_begin ] --END-- [ RunTime:0.000591s ]
NOTIC: [8] Undefined index: title D:\www\1608\15_MVC\day_05\news\application\Admin\Controller\AddNewsController.class.php 第 10 行.
NOTIC: [8] Undefined index: typeId D:\www\1608\15_MVC\day_05\news\application\Admin\Controller\AddNewsController.class.php 第 11 行.
NOTIC: [8] Undefined index: writer D:\www\1608\15_MVC\day_05\news\application\Admin\Controller\AddNewsController.class.php 第 12 行.
NOTIC: [8] Undefined index: source D:\www\1608\15_MVC\day_05\news\application\Admin\Controller\AddNewsController.class.php 第 13 行.
NOTIC: [8] Undefined index: myFile D:\www\1608\15_MVC\day_05\news\application\Admin\Controller\AddNewsController.class.php 第 14 行.
NOTIC: [8] Undefined index: content D:\www\1608\15_MVC\day_05\news\application\Admin\Controller\AddNewsController.class.php 第 15 行.
NOTIC: [8] Undefined index: userMsg D:\www\1608\15_MVC\day_05\news\application\Admin\Controller\AddNewsController.class.php 第 16 行.
ERR: 没有定义数据库配置

[ 2016-11-28T20:12:08+08:00 ] ::1 /1608/15_MVC/day_05/news/admin.php/AddNews/index
INFO: [ app_init ] --START--
INFO: Run Behavior\BuildLiteBehavior [ RunTime:0.000013s ]
INFO: [ app_init ] --END-- [ RunTime:0.000314s ]
INFO: [ app_begin ] --START--
INFO: Run Behavior\ReadHtmlCacheBehavior [ RunTime:0.000415s ]
INFO: [ app_begin ] --END-- [ RunTime:0.000453s ]
NOTIC: [8] Undefined index: title D:\www\1608\15_MVC\day_05\news\application\Admin\Controller\AddNewsController.class.php 第 10 行.
NOTIC: [8] Undefined index: typeId D:\www\1608\15_MVC\day_05\news\application\Admin\Controller\AddNewsController.class.php 第 11 行.
NOTIC: [8] Undefined index: writer D:\www\1608\15_MVC\day_05\news\application\Admin\Controller\AddNewsController.class.php 第 12 行.
NOTIC: [8] Undefined index: source D:\www\1608\15_MVC\day_05\news\application\Admin\Controller\AddNewsController.class.php 第 13 行.
NOTIC: [8] Undefined index: myFile D:\www\1608\15_MVC\day_05\news\application\Admin\Controller\AddNewsController.class.php 第 14 行.
NOTIC: [8] Undefined index: content D:\www\1608\15_MVC\day_05\news\application\Admin\Controller\AddNewsController.class.php 第 15 行.
NOTIC: [8] Undefined index: userMsg D:\www\1608\15_MVC\day_05\news\application\Admin\Controller\AddNewsController.class.php 第 16 行.
ERR: 没有定义数据库配置

[ 2016-11-28T20:14:34+08:00 ] ::1 /1608/15_MVC/day_05/news/admin.php/AddNews/index
INFO: [ app_init ] --START--
INFO: Run Behavior\BuildLiteBehavior [ RunTime:0.000013s ]
INFO: [ app_init ] --END-- [ RunTime:0.000358s ]
INFO: [ app_begin ] --START--
INFO: Run Behavior\ReadHtmlCacheBehavior [ RunTime:0.000429s ]
INFO: [ app_begin ] --END-- [ RunTime:0.000470s ]
NOTIC: [8] Undefined index: title D:\www\1608\15_MVC\day_05\news\application\Admin\Controller\AddNewsController.class.php 第 10 行.
NOTIC: [8] Undefined index: typeId D:\www\1608\15_MVC\day_05\news\application\Admin\Controller\AddNewsController.class.php 第 11 行.
NOTIC: [8] Undefined index: writer D:\www\1608\15_MVC\day_05\news\application\Admin\Controller\AddNewsController.class.php 第 12 行.
NOTIC: [8] Undefined index: source D:\www\1608\15_MVC\day_05\news\application\Admin\Controller\AddNewsController.class.php 第 13 行.
NOTIC: [8] Undefined index: myFile D:\www\1608\15_MVC\day_05\news\application\Admin\Controller\AddNewsController.class.php 第 14 行.
NOTIC: [8] Undefined index: content D:\www\1608\15_MVC\day_05\news\application\Admin\Controller\AddNewsController.class.php 第 15 行.
NOTIC: [8] Undefined index: userMsg D:\www\1608\15_MVC\day_05\news\application\Admin\Controller\AddNewsController.class.php 第 16 行.
INFO: [ view_parse ] --START--
NOTIC: [2] simplexml_load_string(): Entity: line 1: parser error : error parsing attribute name D:\www\1608\15_MVC\day_05\news\library\ThinkPHP\Library\Think\Template\TagLib.class.php 第 80 行.
NOTIC: [2] simplexml_load_string(): &lt;tpl&gt;&lt;tag name=&quot;typeInfo&quot; id=&quot;v&quot; / /&gt;&lt;/tpl&gt; D:\www\1608\15_MVC\day_05\news\library\ThinkPHP\Library\Think\Template\TagLib.class.php 第 80 行.
NOTIC: [2] simplexml_load_string():                                  ^ D:\www\1608\15_MVC\day_05\news\library\ThinkPHP\Library\Think\Template\TagLib.class.php 第 80 行.
NOTIC: [2] simplexml_load_string(): Entity: line 1: parser error : attributes construct error D:\www\1608\15_MVC\day_05\news\library\ThinkPHP\Library\Think\Template\TagLib.class.php 第 80 行.
NOTIC: [2] simplexml_load_string(): &lt;tpl&gt;&lt;tag name=&quot;typeInfo&quot; id=&quot;v&quot; / /&gt;&lt;/tpl&gt; D:\www\1608\15_MVC\day_05\news\library\ThinkPHP\Library\Think\Template\TagLib.class.php 第 80 行.
NOTIC: [2] simplexml_load_string():                                  ^ D:\www\1608\15_MVC\day_05\news\library\ThinkPHP\Library\Think\Template\TagLib.class.php 第 80 行.
NOTIC: [2] simplexml_load_string(): Entity: line 1: parser error : Couldn't find end of Start Tag tag line 1 D:\www\1608\15_MVC\day_05\news\library\ThinkPHP\Library\Think\Template\TagLib.class.php 第 80 行.
NOTIC: [2] simplexml_load_string(): &lt;tpl&gt;&lt;tag name=&quot;typeInfo&quot; id=&quot;v&quot; / /&gt;&lt;/tpl&gt; D:\www\1608\15_MVC\day_05\news\library\ThinkPHP\Library\Think\Template\TagLib.class.php 第 80 行.
NOTIC: [2] simplexml_load_string():                                  ^ D:\www\1608\15_MVC\day_05\news\library\ThinkPHP\Library\Think\Template\TagLib.class.php 第 80 行.
ERR: XML标签语法错误 : name="typeInfo" id="v" /

[ 2016-11-28T20:17:54+08:00 ] ::1 /1608/15_MVC/day_05/news/admin.php/AddNews/index
INFO: [ app_init ] --START--
INFO: Run Behavior\BuildLiteBehavior [ RunTime:0.000013s ]
INFO: [ app_init ] --END-- [ RunTime:0.000382s ]
INFO: [ app_begin ] --START--
INFO: Run Behavior\ReadHtmlCacheBehavior [ RunTime:0.000547s ]
INFO: [ app_begin ] --END-- [ RunTime:0.000597s ]
NOTIC: [8] Undefined index: title D:\www\1608\15_MVC\day_05\news\application\Admin\Controller\AddNewsController.class.php 第 10 行.
NOTIC: [8] Undefined index: typeId D:\www\1608\15_MVC\day_05\news\application\Admin\Controller\AddNewsController.class.php 第 11 行.
NOTIC: [8] Undefined index: writer D:\www\1608\15_MVC\day_05\news\application\Admin\Controller\AddNewsController.class.php 第 12 行.
NOTIC: [8] Undefined index: source D:\www\1608\15_MVC\day_05\news\application\Admin\Controller\AddNewsController.class.php 第 13 行.
NOTIC: [8] Undefined index: myFile D:\www\1608\15_MVC\day_05\news\application\Admin\Controller\AddNewsController.class.php 第 14 行.
NOTIC: [8] Undefined index: content D:\www\1608\15_MVC\day_05\news\application\Admin\Controller\AddNewsController.class.php 第 15 行.
NOTIC: [8] Undefined index: userMsg D:\www\1608\15_MVC\day_05\news\application\Admin\Controller\AddNewsController.class.php 第 16 行.
INFO: [ view_parse ] --START--
INFO: [ template_filter ] --START--
INFO: Run Behavior\ContentReplaceBehavior [ RunTime:0.000032s ]
INFO: [ template_filter ] --END-- [ RunTime:0.000080s ]
INFO: Run Behavior\ParseTemplateBehavior [ RunTime:0.015414s ]
INFO: [ view_parse ] --END-- [ RunTime:0.015497s ]
INFO: [ view_filter ] --START--
INFO: Run Behavior\WriteHtmlCacheBehavior [ RunTime:0.000528s ]
INFO: [ view_filter ] --END-- [ RunTime:0.000575s ]
INFO: [ app_end ] --START--
INFO: Run Behavior\ShowPageTraceBehavior [ RunTime:0.000676s ]
INFO: [ app_end ] --END-- [ RunTime:0.000709s ]

[ 2016-11-28T20:17:54+08:00 ] ::1 /1608/15_MVC/day_05/news/admin.php/css/admin.css
INFO: [ app_init ] --START--
INFO: Run Behavior\BuildLiteBehavior [ RunTime:0.000021s ]
INFO: [ app_init ] --END-- [ RunTime:0.000529s ]
INFO: [ app_begin ] --START--
INFO: Run Behavior\ReadHtmlCacheBehavior [ RunTime:0.000591s ]
INFO: [ app_begin ] --END-- [ RunTime:0.000638s ]
ERR: 无法加载控制器:Css

[ 2016-11-28T20:17:54+08:00 ] ::1 /1608/15_MVC/day_05/news/admin.php/jquery/jquery-1.4.js
INFO: [ app_init ] --START--
INFO: Run Behavior\BuildLiteBehavior [ RunTime:0.000022s ]
INFO: [ app_init ] --END-- [ RunTime:0.000603s ]
INFO: [ app_begin ] --START--
INFO: Run Behavior\ReadHtmlCacheBehavior [ RunTime:0.000662s ]
INFO: [ app_begin ] --END-- [ RunTime:0.000733s ]
ERR: 无法加载控制器:Jquery

[ 2016-11-28T20:17:54+08:00 ] ::1 /1608/15_MVC/day_05/news/admin.php/kindeditor/kindeditor.js
INFO: [ app_init ] --START--
INFO: Run Behavior\BuildLiteBehavior [ RunTime:0.000016s ]
INFO: [ app_init ] --END-- [ RunTime:0.000603s ]
INFO: [ app_begin ] --START--
INFO: Run Behavior\ReadHtmlCacheBehavior [ RunTime:0.001003s ]
INFO: [ app_begin ] --END-- [ RunTime:0.001054s ]
ERR: 无法加载控制器:Kindeditor

[ 2016-11-28T20:19:25+08:00 ] ::1 /1608/15_MVC/day_05/news/admin.php/AddNews/index
INFO: [ app_init ] --START--
INFO: Run Behavior\BuildLiteBehavior [ RunTime:0.000013s ]
INFO: [ app_init ] --END-- [ RunTime:0.000343s ]
INFO: [ app_begin ] --START--
INFO: Run Behavior\ReadHtmlCacheBehavior [ RunTime:0.000567s ]
INFO: [ app_begin ] --END-- [ RunTime:0.000617s ]
NOTIC: [8] Undefined index: title D:\www\1608\15_MVC\day_05\news\application\Admin\Controller\AddNewsController.class.php 第 10 行.
NOTIC: [8] Undefined index: typeId D:\www\1608\15_MVC\day_05\news\application\Admin\Controller\AddNewsController.class.php 第 11 行.
NOTIC: [8] Undefined index: writer D:\www\1608\15_MVC\day_05\news\application\Admin\Controller\AddNewsController.class.php 第 12 行.
NOTIC: [8] Undefined index: source D:\www\1608\15_MVC\day_05\news\application\Admin\Controller\AddNewsController.class.php 第 13 行.
NOTIC: [8] Undefined index: myFile D:\www\1608\15_MVC\day_05\news\application\Admin\Controller\AddNewsController.class.php 第 14 行.
NOTIC: [8] Undefined index: content D:\www\1608\15_MVC\day_05\news\application\Admin\Controller\AddNewsController.class.php 第 15 行.
NOTIC: [8] Undefined index: userMsg D:\www\1608\15_MVC\day_05\news\application\Admin\Controller\AddNewsController.class.php 第 16 行.
INFO: [ view_parse ] --START--
INFO: [ template_filter ] --START--
INFO: Run Behavior\ContentReplaceBehavior [ RunTime:0.000046s ]
INFO: [ template_filter ] --END-- [ RunTime:0.000091s ]
INFO: Run Behavior\ParseTemplateBehavior [ RunTime:0.008280s ]
INFO: [ view_parse ] --END-- [ RunTime:0.008366s ]
INFO: [ view_filter ] --START--
INFO: Run Behavior\WriteHtmlCacheBehavior [ RunTime:0.000416s ]
INFO: [ view_filter ] --END-- [ RunTime:0.000458s ]
INFO: [ app_end ] --START--
INFO: Run Behavior\ShowPageTraceBehavior [ RunTime:0.000702s ]
INFO: [ app_end ] --END-- [ RunTime:0.000741s ]

[ 2016-11-28T20:19:25+08:00 ] ::1 /1608/15_MVC/day_05/news/admin.php/css/admin.css
INFO: [ app_init ] --START--
INFO: Run Behavior\BuildLiteBehavior [ RunTime:0.000015s ]
INFO: [ app_init ] --END-- [ RunTime:0.000362s ]
INFO: [ app_begin ] --START--
INFO: Run Behavior\ReadHtmlCacheBehavior [ RunTime:0.000586s ]
INFO: [ app_begin ] --END-- [ RunTime:0.000634s ]
ERR: 无法加载控制器:Css

[ 2016-11-28T20:19:25+08:00 ] ::1 /1608/15_MVC/day_05/news/admin.php/kindeditor/kindeditor.js
INFO: [ app_init ] --START--
INFO: Run Behavior\BuildLiteBehavior [ RunTime:0.000013s ]
INFO: [ app_init ] --END-- [ RunTime:0.000390s ]
INFO: [ app_begin ] --START--
INFO: Run Behavior\ReadHtmlCacheBehavior [ RunTime:0.000580s ]
INFO: [ app_begin ] --END-- [ RunTime:0.000623s ]
ERR: 无法加载控制器:Kindeditor

[ 2016-11-28T20:19:26+08:00 ] ::1 /1608/15_MVC/day_05/news/admin.php/jquery/jquery-1.4.js
INFO: [ app_init ] --START--
INFO: Run Behavior\BuildLiteBehavior [ RunTime:0.000013s ]
INFO: [ app_init ] --END-- [ RunTime:0.000368s ]
INFO: [ app_begin ] --START--
INFO: Run Behavior\ReadHtmlCacheBehavior [ RunTime:0.000672s ]
INFO: [ app_begin ] --END-- [ RunTime:0.000721s ]
ERR: 无法加载控制器:Jquery

[ 2016-11-28T20:19:26+08:00 ] ::1 /1608/15_MVC/day_05/news/admin.php/kindeditor/kindeditor.js
INFO: [ app_init ] --START--
INFO: Run Behavior\BuildLiteBehavior [ RunTime:0.000013s ]
INFO: [ app_init ] --END-- [ RunTime:0.000372s ]
INFO: [ app_begin ] --START--
INFO: Run Behavior\ReadHtmlCacheBehavior [ RunTime:0.000534s ]
INFO: [ app_begin ] --END-- [ RunTime:0.000573s ]
ERR: 无法加载控制器:Kindeditor

[ 2016-11-28T20:20:38+08:00 ] ::1 /1608/15_MVC/day_05/news/admin.php/AddNews/index
INFO: [ app_init ] --START--
INFO: Run Behavior\BuildLiteBehavior [ RunTime:0.000018s ]
INFO: [ app_init ] --END-- [ RunTime:0.000497s ]
INFO: [ app_begin ] --START--
INFO: Run Behavior\ReadHtmlCacheBehavior [ RunTime:0.000789s ]
INFO: [ app_begin ] --END-- [ RunTime:0.000850s ]
NOTIC: [8] Undefined index: title D:\www\1608\15_MVC\day_05\news\application\Admin\Controller\AddNewsController.class.php 第 10 行.
NOTIC: [8] Undefined index: typeId D:\www\1608\15_MVC\day_05\news\application\Admin\Controller\AddNewsController.class.php 第 11 行.
NOTIC: [8] Undefined index: writer D:\www\1608\15_MVC\day_05\news\application\Admin\Controller\AddNewsController.class.php 第 12 行.
NOTIC: [8] Undefined index: source D:\www\1608\15_MVC\day_05\news\application\Admin\Controller\AddNewsController.class.php 第 13 行.
NOTIC: [8] Undefined index: myFile D:\www\1608\15_MVC\day_05\news\application\Admin\Controller\AddNewsController.class.php 第 14 行.
NOTIC: [8] Undefined index: content D:\www\1608\15_MVC\day_05\news\application\Admin\Controller\AddNewsController.class.php 第 15 行.
NOTIC: [8] Undefined index: userMsg D:\www\1608\15_MVC\day_05\news\application\Admin\Controller\AddNewsController.class.php 第 16 行.
INFO: [ view_parse ] --START--
INFO: [ template_filter ] --START--
INFO: Run Behavior\ContentReplaceBehavior [ RunTime:0.000049s ]
INFO: [ template_filter ] --END-- [ RunTime:0.000098s ]
INFO: Run Behavior\ParseTemplateBehavior [ RunTime:0.007961s ]
INFO: [ view_parse ] --END-- [ RunTime:0.008018s ]
INFO: [ view_filter ] --START--
INFO: Run Behavior\WriteHtmlCacheBehavior [ RunTime:0.000360s ]
INFO: [ view_filter ] --END-- [ RunTime:0.000395s ]
INFO: [ app_end ] --START--
INFO: Run Behavior\ShowPageTraceBehavior [ RunTime:0.000608s ]
INFO: [ app_end ] --END-- [ RunTime:0.000642s ]

[ 2016-11-28T20:21:33+08:00 ] ::1 /1608/15_MVC/day_05/news/admin.php/AddNews/index
INFO: [ app_init ] --START--
INFO: Run Behavior\BuildLiteBehavior [ RunTime:0.000014s ]
INFO: [ app_init ] --END-- [ RunTime:0.000405s ]
INFO: [ app_begin ] --START--
INFO: Run Behavior\ReadHtmlCacheBehavior [ RunTime:0.000626s ]
INFO: [ app_begin ] --END-- [ RunTime:0.000672s ]
NOTIC: [8] Undefined index: title D:\www\1608\15_MVC\day_05\news\application\Admin\Controller\AddNewsController.class.php 第 10 行.
NOTIC: [8] Undefined index: typeId D:\www\1608\15_MVC\day_05\news\application\Admin\Controller\AddNewsController.class.php 第 11 行.
NOTIC: [8] Undefined index: writer D:\www\1608\15_MVC\day_05\news\application\Admin\Controller\AddNewsController.class.php 第 12 行.
NOTIC: [8] Undefined index: source D:\www\1608\15_MVC\day_05\news\application\Admin\Controller\AddNewsController.class.php 第 13 行.
NOTIC: [8] Undefined index: myFile D:\www\1608\15_MVC\day_05\news\application\Admin\Controller\AddNewsController.class.php 第 14 行.
NOTIC: [8] Undefined index: content D:\www\1608\15_MVC\day_05\news\application\Admin\Controller\AddNewsController.class.php 第 15 行.
NOTIC: [8] Undefined index: userMsg D:\www\1608\15_MVC\day_05\news\application\Admin\Controller\AddNewsController.class.php 第 16 行.
INFO: [ view_parse ] --START--
INFO: [ template_filter ] --START--
INFO: Run Behavior\ContentReplaceBehavior [ RunTime:0.000046s ]
INFO: [ template_filter ] --END-- [ RunTime:0.000095s ]
INFO: Run Behavior\ParseTemplateBehavior [ RunTime:0.017012s ]
INFO: [ view_parse ] --END-- [ RunTime:0.017078s ]
INFO: [ view_filter ] --START--
INFO: Run Behavior\WriteHtmlCacheBehavior [ RunTime:0.000369s ]
INFO: [ view_filter ] --END-- [ RunTime:0.000405s ]
INFO: [ app_end ] --START--
INFO: Run Behavior\ShowPageTraceBehavior [ RunTime:0.000601s ]
INFO: [ app_end ] --END-- [ RunTime:0.000643s ]

[ 2016-11-28T20:21:53+08:00 ] ::1 /1608/15_MVC/day_05/news/admin.php/AddNews/index
INFO: [ app_init ] --START--
INFO: Run Behavior\BuildLiteBehavior [ RunTime:0.000013s ]
INFO: [ app_init ] --END-- [ RunTime:0.000353s ]
INFO: [ app_begin ] --START--
INFO: Run Behavior\ReadHtmlCacheBehavior [ RunTime:0.000566s ]
INFO: [ app_begin ] --END-- [ RunTime:0.000606s ]
NOTIC: [8] Undefined index: title D:\www\1608\15_MVC\day_05\news\application\Admin\Controller\AddNewsController.class.php 第 10 行.
NOTIC: [8] Undefined index: typeId D:\www\1608\15_MVC\day_05\news\application\Admin\Controller\AddNewsController.class.php 第 11 行.
NOTIC: [8] Undefined index: writer D:\www\1608\15_MVC\day_05\news\application\Admin\Controller\AddNewsController.class.php 第 12 行.
NOTIC: [8] Undefined index: source D:\www\1608\15_MVC\day_05\news\application\Admin\Controller\AddNewsController.class.php 第 13 行.
NOTIC: [8] Undefined index: myFile D:\www\1608\15_MVC\day_05\news\application\Admin\Controller\AddNewsController.class.php 第 14 行.
NOTIC: [8] Undefined index: content D:\www\1608\15_MVC\day_05\news\application\Admin\Controller\AddNewsController.class.php 第 15 行.
NOTIC: [8] Undefined index: userMsg D:\www\1608\15_MVC\day_05\news\application\Admin\Controller\AddNewsController.class.php 第 16 行.
INFO: [ view_parse ] --START--
INFO: [ template_filter ] --START--
INFO: Run Behavior\ContentReplaceBehavior [ RunTime:0.000049s ]
INFO: [ template_filter ] --END-- [ RunTime:0.000102s ]
INFO: Run Behavior\ParseTemplateBehavior [ RunTime:0.009178s ]
INFO: [ view_parse ] --END-- [ RunTime:0.009238s ]
INFO: [ view_filter ] --START--
INFO: Run Behavior\WriteHtmlCacheBehavior [ RunTime:0.000370s ]
INFO: [ view_filter ] --END-- [ RunTime:0.000406s ]
INFO: [ app_end ] --START--
INFO: Run Behavior\ShowPageTraceBehavior [ RunTime:0.000600s ]
INFO: [ app_end ] --END-- [ RunTime:0.000635s ]

[ 2016-11-28T20:21:54+08:00 ] ::1 /1608/15_MVC/day_05/news/admin.php/AddNews/modnews.php
INFO: [ app_init ] --START--
INFO: Run Behavior\BuildLiteBehavior [ RunTime:0.000013s ]
INFO: [ app_init ] --END-- [ RunTime:0.000334s ]
INFO: [ app_begin ] --START--
INFO: Run Behavior\ReadHtmlCacheBehavior [ RunTime:0.000529s ]
INFO: [ app_begin ] --END-- [ RunTime:0.000567s ]
ERR: 非法操作:modnews.php

[ 2016-11-28T20:41:50+08:00 ] ::1 /1608/15_MVC/day_05/news/admin.php/AddNews/modnews.php
INFO: [ app_init ] --START--
INFO: Run Behavior\BuildLiteBehavior [ RunTime:0.000013s ]
INFO: [ app_init ] --END-- [ RunTime:0.000379s ]
INFO: [ app_begin ] --START--
INFO: Run Behavior\ReadHtmlCacheBehavior [ RunTime:0.000481s ]
INFO: [ app_begin ] --END-- [ RunTime:0.000531s ]
ERR: 非法操作:modnews.php

[ 2016-11-28T20:41:57+08:00 ] ::1 /1608/15_MVC/day_05/news/admin.php/AddNews/index
INFO: [ app_init ] --START--
INFO: Run Behavior\BuildLiteBehavior [ RunTime:0.000013s ]
INFO: [ app_init ] --END-- [ RunTime:0.000292s ]
INFO: [ app_begin ] --START--
INFO: Run Behavior\ReadHtmlCacheBehavior [ RunTime:0.000471s ]
INFO: [ app_begin ] --END-- [ RunTime:0.000531s ]
NOTIC: [8] Undefined index: title D:\www\1608\15_MVC\day_05\news\application\Admin\Controller\AddNewsController.class.php 第 10 行.
NOTIC: [8] Undefined index: typeId D:\www\1608\15_MVC\day_05\news\application\Admin\Controller\AddNewsController.class.php 第 11 行.
NOTIC: [8] Undefined index: writer D:\www\1608\15_MVC\day_05\news\application\Admin\Controller\AddNewsController.class.php 第 12 行.
NOTIC: [8] Undefined index: source D:\www\1608\15_MVC\day_05\news\application\Admin\Controller\AddNewsController.class.php 第 13 行.
NOTIC: [8] Undefined index: myFile D:\www\1608\15_MVC\day_05\news\application\Admin\Controller\AddNewsController.class.php 第 14 行.
NOTIC: [8] Undefined index: content D:\www\1608\15_MVC\day_05\news\application\Admin\Controller\AddNewsController.class.php 第 15 行.
NOTIC: [8] Undefined index: userMsg D:\www\1608\15_MVC\day_05\news\application\Admin\Controller\AddNewsController.class.php 第 16 行.
INFO: [ view_parse ] --START--
INFO: [ template_filter ] --START--
INFO: Run Behavior\ContentReplaceBehavior [ RunTime:0.000050s ]
INFO: [ template_filter ] --END-- [ RunTime:0.000101s ]
INFO: Run Behavior\ParseTemplateBehavior [ RunTime:0.017155s ]
INFO: [ view_parse ] --END-- [ RunTime:0.017209s ]
INFO: [ view_filter ] --START--
INFO: Run Behavior\WriteHtmlCacheBehavior [ RunTime:0.000297s ]
INFO: [ view_filter ] --END-- [ RunTime:0.000329s ]
INFO: [ app_end ] --START--
INFO: Run Behavior\ShowPageTraceBehavior [ RunTime:0.000495s ]
INFO: [ app_end ] --END-- [ RunTime:0.000526s ]

[ 2016-11-28T20:41:58+08:00 ] ::1 /1608/15_MVC/day_05/news/admin.php/AddNews/modnews.php
INFO: [ app_init ] --START--
INFO: Run Behavior\BuildLiteBehavior [ RunTime:0.000022s ]
INFO: [ app_init ] --END-- [ RunTime:0.000326s ]
INFO: [ app_begin ] --START--
INFO: Run Behavior\ReadHtmlCacheBehavior [ RunTime:0.000529s ]
INFO: [ app_begin ] --END-- [ RunTime:0.000566s ]
ERR: 非法操作:modnews.php

[ 2016-11-28T20:44:58+08:00 ] ::1 /1608/15_MVC/day_05/news/admin.php/AddNews/index
INFO: [ app_init ] --START--
INFO: Run Behavior\BuildLiteBehavior [ RunTime:0.000015s ]
INFO: [ app_init ] --END-- [ RunTime:0.000343s ]
INFO: [ app_begin ] --START--
INFO: Run Behavior\ReadHtmlCacheBehavior [ RunTime:0.000455s ]
INFO: [ app_begin ] --END-- [ RunTime:0.000495s ]
NOTIC: [8] Undefined index: title D:\www\1608\15_MVC\day_05\news\application\Admin\Controller\AddNewsController.class.php 第 10 行.
NOTIC: [8] Undefined index: typeId D:\www\1608\15_MVC\day_05\news\application\Admin\Controller\AddNewsController.class.php 第 11 行.
NOTIC: [8] Undefined index: writer D:\www\1608\15_MVC\day_05\news\application\Admin\Controller\AddNewsController.class.php 第 12 行.
NOTIC: [8] Undefined index: source D:\www\1608\15_MVC\day_05\news\application\Admin\Controller\AddNewsController.class.php 第 13 行.
NOTIC: [8] Undefined index: myFile D:\www\1608\15_MVC\day_05\news\application\Admin\Controller\AddNewsController.class.php 第 14 行.
NOTIC: [8] Undefined index: content D:\www\1608\15_MVC\day_05\news\application\Admin\Controller\AddNewsController.class.php 第 15 行.
NOTIC: [8] Undefined index: userMsg D:\www\1608\15_MVC\day_05\news\application\Admin\Controller\AddNewsController.class.php 第 16 行.
INFO: [ view_parse ] --START--
INFO: [ template_filter ] --START--
INFO: Run Behavior\ContentReplaceBehavior [ RunTime:0.000085s ]
INFO: [ template_filter ] --END-- [ RunTime:0.000156s ]
INFO: Run Behavior\ParseTemplateBehavior [ RunTime:0.010366s ]
INFO: [ view_parse ] --END-- [ RunTime:0.010423s ]
INFO: [ view_filter ] --START--
INFO: Run Behavior\WriteHtmlCacheBehavior [ RunTime:0.000271s ]
INFO: [ view_filter ] --END-- [ RunTime:0.000303s ]
INFO: [ app_end ] --START--
INFO: Run Behavior\ShowPageTraceBehavior [ RunTime:0.000504s ]
INFO: [ app_end ] --END-- [ RunTime:0.000536s ]

[ 2016-11-28T20:45:00+08:00 ] ::1 /1608/15_MVC/day_05/news/admin.php/ModNews/index
INFO: [ app_init ] --START--
INFO: Run Behavior\BuildLiteBehavior [ RunTime:0.000014s ]
INFO: [ app_init ] --END-- [ RunTime:0.000365s ]
INFO: [ app_begin ] --START--
INFO: Run Behavior\ReadHtmlCacheBehavior [ RunTime:0.000473s ]
INFO: [ app_begin ] --END-- [ RunTime:0.000521s ]
INFO: [ view_parse ] --START--
NOTIC: [2] simplexml_load_string(): Entity: line 1: parser error : Unescaped '&lt;' not allowed in attributes values D:\www\1608\15_MVC\day_05\news\library\ThinkPHP\Library\Think\Template.class.php 第 271 行.
NOTIC: [2] simplexml_load_string(): &lt;tpl&gt;&lt;tag file=&quot;Public:left /&gt;&lt;/tpl&gt; D:\www\1608\15_MVC\day_05\news\library\ThinkPHP\Library\Think\Template.class.php 第 271 行.
NOTIC: [2] simplexml_load_string():                               ^ D:\www\1608\15_MVC\day_05\news\library\ThinkPHP\Library\Think\Template.class.php 第 271 行.
NOTIC: [2] simplexml_load_string(): Entity: line 1: parser error : attributes construct error D:\www\1608\15_MVC\day_05\news\library\ThinkPHP\Library\Think\Template.class.php 第 271 行.
NOTIC: [2] simplexml_load_string(): &lt;tpl&gt;&lt;tag file=&quot;Public:left /&gt;&lt;/tpl&gt; D:\www\1608\15_MVC\day_05\news\library\ThinkPHP\Library\Think\Template.class.php 第 271 行.
NOTIC: [2] simplexml_load_string():                               ^ D:\www\1608\15_MVC\day_05\news\library\ThinkPHP\Library\Think\Template.class.php 第 271 行.
NOTIC: [2] simplexml_load_string(): Entity: line 1: parser error : Couldn't find end of Start Tag tag line 1 D:\www\1608\15_MVC\day_05\news\library\ThinkPHP\Library\Think\Template.class.php 第 271 行.
NOTIC: [2] simplexml_load_string(): &lt;tpl&gt;&lt;tag file=&quot;Public:left /&gt;&lt;/tpl&gt; D:\www\1608\15_MVC\day_05\news\library\ThinkPHP\Library\Think\Template.class.php 第 271 行.
NOTIC: [2] simplexml_load_string():                               ^ D:\www\1608\15_MVC\day_05\news\library\ThinkPHP\Library\Think\Template.class.php 第 271 行.
ERR: XML标签语法错误

[ 2016-11-28T20:47:57+08:00 ] ::1 /1608/15_MVC/day_05/news/admin.php/ModNews/index
INFO: [ app_init ] --START--
INFO: Run Behavior\BuildLiteBehavior [ RunTime:0.000014s ]
INFO: [ app_init ] --END-- [ RunTime:0.000405s ]
INFO: [ app_begin ] --START--
INFO: Run Behavior\ReadHtmlCacheBehavior [ RunTime:0.000486s ]
INFO: [ app_begin ] --END-- [ RunTime:0.000530s ]
INFO: [ view_parse ] --START--
INFO: [ template_filter ] --START--
INFO: Run Behavior\ContentReplaceBehavior [ RunTime:0.000052s ]
INFO: [ template_filter ] --END-- [ RunTime:0.000101s ]
NOTIC: [8] Undefined variable: keyword D:\www\1608\15_MVC\day_05\news\application\Runtime\Cache\Admin\6f756386c215d4e565fd891d414cc6c7.php 第 175 行.
NOTIC: [8] Undefined variable: searchType D:\www\1608\15_MVC\day_05\news\application\Runtime\Cache\Admin\6f756386c215d4e565fd891d414cc6c7.php 第 178 行.
INFO: Run Behavior\ParseTemplateBehavior [ RunTime:0.085399s ]
INFO: [ view_parse ] --END-- [ RunTime:0.085454s ]
INFO: [ view_filter ] --START--
INFO: Run Behavior\WriteHtmlCacheBehavior [ RunTime:0.000392s ]
INFO: [ view_filter ] --END-- [ RunTime:0.000429s ]
INFO: [ app_end ] --START--
INFO: Run Behavior\ShowPageTraceBehavior [ RunTime:0.000611s ]
INFO: [ app_end ] --END-- [ RunTime:0.000669s ]

